<?xml version="1.0" encoding="UTF-8"?>
<!-- Generated by org.testng.reporters.JUnitReportReporter -->
<testsuite skipped="0" hostname="ZIVLPT243" name="com.api.testcase.TC_002_POST_Request" tests="1" failures="0" timestamp="13 Feb 2020 17:59:54 GMT" time="7.419" errors="0">
  <testcase name="RegistrationCustomer" time="7.419" classname="com.api.testcase.TC_002_POST_Request"/>
</testsuite> <!-- com.api.testcase.TC_002_POST_Request -->
