<?xml version="1.0" encoding="UTF-8"?>
<!-- Generated by org.testng.reporters.JUnitReportReporter -->
<testsuite skipped="0" hostname="ZIVLPT243" name="dataDriventest.DataDrivenTest_AddNewEmployee" tests="2" failures="0" timestamp="15 Feb 2020 10:39:21 GMT" time="4.716" errors="0">
  <testcase name="postNewEmployee" time="3.795" classname="dataDriventest.DataDrivenTest_AddNewEmployee"/>
  <testcase name="postNewEmployee" time="0.921" classname="dataDriventest.DataDrivenTest_AddNewEmployee"/>
</testsuite> <!-- dataDriventest.DataDrivenTest_AddNewEmployee -->
