<?xml version="1.0" encoding="UTF-8"?>
<!-- Generated by org.testng.reporters.JUnitReportReporter -->
<testsuite skipped="0" hostname="ZIVLPT243" name="com.api.testcase.TC_001_GET_request" tests="1" failures="0" timestamp="21 Jan 2020 10:47:06 GMT" time="4.134" errors="0">
  <testcase name="getWeatherDetail" time="4.134" classname="com.api.testcase.TC_001_GET_request"/>
</testsuite> <!-- com.api.testcase.TC_001_GET_request -->
