<?xml version="1.0" encoding="UTF-8"?>
<!-- Generated by org.testng.reporters.JUnitReportReporter -->
<testsuite skipped="0" hostname="ZIVLPT243" name="com.api.testcase.TC_007_GET_RequestAuthorization" tests="1" failures="0" timestamp="10 Feb 2020 16:54:20 GMT" time="2.723" errors="0">
  <testcase name="AuthorizationTest" time="2.723" classname="com.api.testcase.TC_007_GET_RequestAuthorization"/>
</testsuite> <!-- com.api.testcase.TC_007_GET_RequestAuthorization -->
