<?xml version="1.0" encoding="UTF-8"?>
<!-- Generated by org.testng.reporters.JUnitReportReporter -->
<testsuite skipped="0" hostname="ZIVLPT243" name="com.api.testcase.TC_006_GET_ExtractVAlueOFEachNodeInJSON" tests="1" failures="0" timestamp="10 Feb 2020 16:50:26 GMT" time="7.445" errors="0">
  <testcase name="getWeatherDetail" time="7.445" classname="com.api.testcase.TC_006_GET_ExtractVAlueOFEachNodeInJSON"/>
</testsuite> <!-- com.api.testcase.TC_006_GET_ExtractVAlueOFEachNodeInJSON -->
