<?xml version="1.0" encoding="UTF-8"?>
<!-- Generated by org.testng.reporters.JUnitReportReporter -->
<testsuite skipped="0" hostname="ZIVLPT243" name="com.api.testcase.TC008_GET_QueryParams_Weather" tests="1" failures="0" timestamp="19 Feb 2020 17:25:38 GMT" time="4.248" errors="0">
  <testcase name="getCityWeather" time="4.248" classname="com.api.testcase.TC008_GET_QueryParams_Weather"/>
</testsuite> <!-- com.api.testcase.TC008_GET_QueryParams_Weather -->
