<?xml version="1.0" encoding="UTF-8"?>
<!-- Generated by org.testng.reporters.JUnitReportReporter -->
<testsuite skipped="0" hostname="ZIVLPT243" name="com.api.testcase.TC_003_GET_Request" tests="1" failures="0" timestamp="10 Feb 2020 12:42:18 GMT" time="4.008" errors="0">
  <testcase name="getGoogleMap" time="4.008" classname="com.api.testcase.TC_003_GET_Request"/>
</testsuite> <!-- com.api.testcase.TC_003_GET_Request -->
