<?xml version="1.0" encoding="UTF-8"?>
<!-- Generated by org.testng.reporters.JUnitReportReporter -->
<testsuite skipped="0" hostname="ZIVLPT243" name="com.api.testcase.TC_005_GET_ValidatingJSONResponse" tests="1" failures="0" timestamp="24 Jan 2020 19:10:17 GMT" time="2.959" errors="0">
  <testcase name="getWeatherDetail" time="2.959" classname="com.api.testcase.TC_005_GET_ValidatingJSONResponse"/>
</testsuite> <!-- com.api.testcase.TC_005_GET_ValidatingJSONResponse -->
