<?xml version="1.0" encoding="UTF-8"?>
<!-- Generated by org.testng.reporters.JUnitReportReporter -->
<testsuite skipped="0" hostname="ZIVLPT243" name="com.api.testcase.TC_004_GET_Request" tests="1" failures="0" timestamp="23 Jan 2020 17:50:54 GMT" time="3.288" errors="0">
  <testcase name="getWeatherDetail" time="3.288" classname="com.api.testcase.TC_004_GET_Request"/>
</testsuite> <!-- com.api.testcase.TC_004_GET_Request -->
